<?xml version="1.0" encoding="UTF-8"?>
<testng-results ignored="0" total="1" passed="1" failed="0" skipped="0">
  <reporter-output>
  </reporter-output>
  <suite started-at="2025-09-02T14:11:19 IST" name="Default suite" finished-at="2025-09-02T14:11:19 IST" duration-ms="27">
    <groups>
    </groups>
    <test started-at="2025-09-02T14:11:19 IST" name="Default test" finished-at="2025-09-02T14:11:19 IST" duration-ms="27">
      <class name="childClass">
        <test-method is-config="true" signature="beforeRun()[pri:0, instance:childClass@708f5957]" started-at="2025-09-02T14:11:19 IST" name="beforeRun" finished-at="2025-09-02T14:11:19 IST" duration-ms="4" status="PASS">
          <reporter-output>
          </reporter-output>
        </test-method> <!-- beforeRun -->
        <test-method signature="testRun()[pri:0, instance:childClass@708f5957]" started-at="2025-09-02T14:11:19 IST" name="testRun" finished-at="2025-09-02T14:11:19 IST" duration-ms="4" status="PASS">
          <reporter-output>
          </reporter-output>
        </test-method> <!-- testRun -->
        <test-method is-config="true" signature="afterRun()[pri:0, instance:childClass@708f5957]" started-at="2025-09-02T14:11:19 IST" name="afterRun" finished-at="2025-09-02T14:11:19 IST" duration-ms="1" status="PASS">
          <reporter-output>
          </reporter-output>
        </test-method> <!-- afterRun -->
      </class> <!-- childClass -->
    </test> <!-- Default test -->
  </suite> <!-- Default suite -->
</testng-results>
